# JRE version: OpenJDK Runtime Environment (7.0_75-b13) (build 1.7.0_75-b13)
# Java VM: OpenJDK 64-Bit Server VM (24.75-b04 mixed mode linux-amd64 compressed oops)
Heap
 PSYoungGen      total 37376K, used 36127K [0x00000007d6a00000, 0x00000007db300000, 0x0000000800000000)
  eden space 32256K, 97% used [0x00000007d6a00000,0x00000007d88bbfd0,0x00000007d8980000)
  from space 5120K, 90% used [0x00000007d8e80000,0x00000007d930bcb0,0x00000007d9380000)
  to   space 5120K, 0% used [0x00000007d8980000,0x00000007d8980000,0x00000007d8e80000)
 ParOldGen       total 84480K, used 15856K [0x0000000783e00000, 0x0000000789080000, 0x00000007d6a00000)
  object space 84480K, 18% used [0x0000000783e00000,0x0000000784d7c1d0,0x0000000789080000)
 PSPermGen       total 21504K, used 15873K [0x0000000779800000, 0x000000077ad00000, 0x0000000783e00000)
  object space 21504K, 73% used [0x0000000779800000,0x000000077a780550,0x000000077ad00000)
GC Heap History (4 events):
Event: 11.165 GC heap before
{Heap before GC invocations=1 (full 0):
 PSYoungGen      total 37376K, used 32115K [0x00000007d6a00000, 0x00000007d9380000, 0x0000000800000000)
  eden space 32256K, 99% used [0x00000007d6a00000,0x00000007d895cf80,0x00000007d8980000)
  from space 5120K, 0% used [0x00000007d8e80000,0x00000007d8e80000,0x00000007d9380000)
  to   space 5120K, 0% used [0x00000007d8980000,0x00000007d8980000,0x00000007d8e80000)
 ParOldGen       total 84480K, used 0K [0x0000000783e00000, 0x0000000789080000, 0x00000007d6a00000)
  object space 84480K, 0% used [0x0000000783e00000,0x0000000783e00000,0x0000000789080000)
 PSPermGen       total 21504K, used 15571K [0x0000000779800000, 0x000000077ad00000, 0x0000000783e00000)
  object space 21504K, 72% used [0x0000000779800000,0x000000077a734c90,0x000000077ad00000)
Event: 11.171 GC heap after
Heap after GC invocations=1 (full 0):
 PSYoungGen      total 37376K, used 4798K [0x00000007d6a00000, 0x00000007d9380000, 0x0000000800000000)
  eden space 32256K, 0% used [0x00000007d6a00000,0x00000007d6a00000,0x00000007d8980000)
  from space 5120K, 93% used [0x00000007d8980000,0x00000007d8e2faa0,0x00000007d8e80000)
  to   space 5120K, 0% used [0x00000007d8e80000,0x00000007d8e80000,0x00000007d9380000)
 ParOldGen       total 84480K, used 8K [0x0000000783e00000, 0x0000000789080000, 0x00000007d6a00000)
  object space 84480K, 0% used [0x0000000783e00000,0x0000000783e02000,0x0000000789080000)
 PSPermGen       total 21504K, used 15571K [0x0000000779800000, 0x000000077ad00000, 0x0000000783e00000)
  object space 21504K, 72% used [0x0000000779800000,0x000000077a734c90,0x000000077ad00000)
}
Event: 11.223 GC heap before
{Heap before GC invocations=2 (full 0):
 PSYoungGen      total 37376K, used 22769K [0x00000007d6a00000, 0x00000007d9380000, 0x0000000800000000)
  eden space 32256K, 55% used [0x00000007d6a00000,0x00000007d7b8ccd8,0x00000007d8980000)
  from space 5120K, 93% used [0x00000007d8980000,0x00000007d8e2faa0,0x00000007d8e80000)
  to   space 5120K, 0% used [0x00000007d8e80000,0x00000007d8e80000,0x00000007d9380000)
 ParOldGen       total 84480K, used 8K [0x0000000783e00000, 0x0000000789080000, 0x00000007d6a00000)
  object space 84480K, 0% used [0x0000000783e00000,0x0000000783e02000,0x0000000789080000)
 PSPermGen       total 21504K, used 15667K [0x0000000779800000, 0x000000077ad00000, 0x0000000783e00000)
  object space 21504K, 72% used [0x0000000779800000,0x000000077a74cfd0,0x000000077ad00000)
Event: 11.230 GC heap after
Heap after GC invocations=2 (full 0):
 PSYoungGen      total 37376K, used 4655K [0x00000007d6a00000, 0x00000007db300000, 0x0000000800000000)
  eden space 32256K, 0% used [0x00000007d6a00000,0x00000007d6a00000,0x00000007d8980000)
  from space 5120K, 90% used [0x00000007d8e80000,0x00000007d930bcb0,0x00000007d9380000)
  to   space 5120K, 0% used [0x00000007d8980000,0x00000007d8980000,0x00000007d8e80000)
 ParOldGen       total 84480K, used 15856K [0x0000000783e00000, 0x0000000789080000, 0x00000007d6a00000)
  object space 84480K, 18% used [0x0000000783e00000,0x0000000784d7c1d0,0x0000000789080000)
 PSPermGen       total 21504K, used 15667K [0x0000000779800000, 0x000000077ad00000, 0x0000000783e00000)
  object space 21504K, 72% used [0x0000000779800000,0x000000077a74cfd0,0x000000077ad00000)
}

