# JRE version: OpenJDK Runtime Environment (7.0_75-b13) (build 1.7.0_75-b13)
# Java VM: OpenJDK 64-Bit Server VM (24.75-b04 mixed mode linux-amd64 compressed oops)
Heap
 PSYoungGen      total 69632K, used 40993K [0x00000007d6a00000, 0x00000007db300000, 0x0000000800000000)
  eden space 64512K, 56% used [0x00000007d6a00000,0x00000007d8d88f68,0x00000007da900000)
  from space 5120K, 89% used [0x00000007dae00000,0x00000007db27f4f8,0x00000007db300000)
  to   space 5120K, 0% used [0x00000007da900000,0x00000007da900000,0x00000007dae00000)
 ParOldGen       total 84480K, used 47569K [0x0000000783e00000, 0x0000000789080000, 0x00000007d6a00000)
  object space 84480K, 56% used [0x0000000783e00000,0x0000000786c74570,0x0000000789080000)
 PSPermGen       total 21504K, used 16223K [0x0000000779800000, 0x000000077ad00000, 0x0000000783e00000)
  object space 21504K, 75% used [0x0000000779800000,0x000000077a7d7df0,0x000000077ad00000)
GC Heap History (8 events):
Event: 8.253 GC heap before
{Heap before GC invocations=1 (full 0):
 PSYoungGen      total 37376K, used 32099K [0x00000007d6a00000, 0x00000007d9380000, 0x0000000800000000)
  eden space 32256K, 99% used [0x00000007d6a00000,0x00000007d8958fb8,0x00000007d8980000)
  from space 5120K, 0% used [0x00000007d8e80000,0x00000007d8e80000,0x00000007d9380000)
  to   space 5120K, 0% used [0x00000007d8980000,0x00000007d8980000,0x00000007d8e80000)
 ParOldGen       total 84480K, used 0K [0x0000000783e00000, 0x0000000789080000, 0x00000007d6a00000)
  object space 84480K, 0% used [0x0000000783e00000,0x0000000783e00000,0x0000000789080000)
 PSPermGen       total 21504K, used 15571K [0x0000000779800000, 0x000000077ad00000, 0x0000000783e00000)
  object space 21504K, 72% used [0x0000000779800000,0x000000077a734dd0,0x000000077ad00000)
Event: 8.259 GC heap after
Heap after GC invocations=1 (full 0):
 PSYoungGen      total 37376K, used 4800K [0x00000007d6a00000, 0x00000007d9380000, 0x0000000800000000)
  eden space 32256K, 0% used [0x00000007d6a00000,0x00000007d6a00000,0x00000007d8980000)
  from space 5120K, 93% used [0x00000007d8980000,0x00000007d8e302b0,0x00000007d8e80000)
  to   space 5120K, 0% used [0x00000007d8e80000,0x00000007d8e80000,0x00000007d9380000)
 ParOldGen       total 84480K, used 8K [0x0000000783e00000, 0x0000000789080000, 0x00000007d6a00000)
  object space 84480K, 0% used [0x0000000783e00000,0x0000000783e02000,0x0000000789080000)
 PSPermGen       total 21504K, used 15571K [0x0000000779800000, 0x000000077ad00000, 0x0000000783e00000)
  object space 21504K, 72% used [0x0000000779800000,0x000000077a734dd0,0x000000077ad00000)
}
Event: 8.318 GC heap before
{Heap before GC invocations=2 (full 0):
 PSYoungGen      total 37376K, used 22771K [0x00000007d6a00000, 0x00000007d9380000, 0x0000000800000000)
  eden space 32256K, 55% used [0x00000007d6a00000,0x00000007d7b8ccc8,0x00000007d8980000)
  from space 5120K, 93% used [0x00000007d8980000,0x00000007d8e302b0,0x00000007d8e80000)
  to   space 5120K, 0% used [0x00000007d8e80000,0x00000007d8e80000,0x00000007d9380000)
 ParOldGen       total 84480K, used 8K [0x0000000783e00000, 0x0000000789080000, 0x00000007d6a00000)
  object space 84480K, 0% used [0x0000000783e00000,0x0000000783e02000,0x0000000789080000)
 PSPermGen       total 21504K, used 15668K [0x0000000779800000, 0x000000077ad00000, 0x0000000783e00000)
  object space 21504K, 72% used [0x0000000779800000,0x000000077a74d110,0x000000077ad00000)
Event: 8.324 GC heap after
Heap after GC invocations=2 (full 0):
 PSYoungGen      total 37376K, used 4659K [0x00000007d6a00000, 0x00000007db300000, 0x0000000800000000)
  eden space 32256K, 0% used [0x00000007d6a00000,0x00000007d6a00000,0x00000007d8980000)
  from space 5120K, 91% used [0x00000007d8e80000,0x00000007d930ccf0,0x00000007d9380000)
  to   space 5120K, 0% used [0x00000007d8980000,0x00000007d8980000,0x00000007d8e80000)
 ParOldGen       total 84480K, used 15856K [0x0000000783e00000, 0x0000000789080000, 0x00000007d6a00000)
  object space 84480K, 18% used [0x0000000783e00000,0x0000000784d7c1d0,0x0000000789080000)
 PSPermGen       total 21504K, used 15668K [0x0000000779800000, 0x000000077ad00000, 0x0000000783e00000)
  object space 21504K, 72% used [0x0000000779800000,0x000000077a74d110,0x000000077ad00000)
}
Event: 56.751 GC heap before
{Heap before GC invocations=3 (full 0):
 PSYoungGen      total 37376K, used 36915K [0x00000007d6a00000, 0x00000007db300000, 0x0000000800000000)
  eden space 32256K, 100% used [0x00000007d6a00000,0x00000007d8980000,0x00000007d8980000)
  from space 5120K, 91% used [0x00000007d8e80000,0x00000007d930ccf0,0x00000007d9380000)
  to   space 5120K, 0% used [0x00000007d8980000,0x00000007d8980000,0x00000007d8e80000)
 ParOldGen       total 84480K, used 15856K [0x0000000783e00000, 0x0000000789080000, 0x00000007d6a00000)
  object space 84480K, 18% used [0x0000000783e00000,0x0000000784d7c1d0,0x0000000789080000)
 PSPermGen       total 21504K, used 15911K [0x0000000779800000, 0x000000077ad00000, 0x0000000783e00000)
  object space 21504K, 73% used [0x0000000779800000,0x000000077a789d00,0x000000077ad00000)
Event: 56.760 GC heap after
Heap after GC invocations=3 (full 0):
 PSYoungGen      total 37376K, used 4619K [0x00000007d6a00000, 0x00000007db300000, 0x0000000800000000)
  eden space 32256K, 0% used [0x00000007d6a00000,0x00000007d6a00000,0x00000007d8980000)
  from space 5120K, 90% used [0x00000007d8980000,0x00000007d8e02cd8,0x00000007d8e80000)
  to   space 5120K, 0% used [0x00000007dae00000,0x00000007dae00000,0x00000007db300000)
 ParOldGen       total 84480K, used 31712K [0x0000000783e00000, 0x0000000789080000, 0x00000007d6a00000)
  object space 84480K, 37% used [0x0000000783e00000,0x0000000785cf83a0,0x0000000789080000)
 PSPermGen       total 21504K, used 15911K [0x0000000779800000, 0x000000077ad00000, 0x0000000783e00000)
  object space 21504K, 73% used [0x0000000779800000,0x000000077a789d00,0x000000077ad00000)
}
Event: 109.794 GC heap before
{Heap before GC invocations=4 (full 0):
 PSYoungGen      total 37376K, used 34276K [0x00000007d6a00000, 0x00000007db300000, 0x0000000800000000)
  eden space 32256K, 91% used [0x00000007d6a00000,0x00000007d86f6720,0x00000007d8980000)
  from space 5120K, 90% used [0x00000007d8980000,0x00000007d8e02cd8,0x00000007d8e80000)
  to   space 5120K, 0% used [0x00000007dae00000,0x00000007dae00000,0x00000007db300000)
 ParOldGen       total 84480K, used 31712K [0x0000000783e00000, 0x0000000789080000, 0x00000007d6a00000)
  object space 84480K, 37% used [0x0000000783e00000,0x0000000785cf83a0,0x0000000789080000)
 PSPermGen       total 21504K, used 16024K [0x0000000779800000, 0x000000077ad00000, 0x0000000783e00000)
  object space 21504K, 74% used [0x0000000779800000,0x000000077a7a63c0,0x000000077ad00000)
Event: 109.803 GC heap after
Heap after GC invocations=4 (full 0):
 PSYoungGen      total 69632K, used 4605K [0x00000007d6a00000, 0x00000007db300000, 0x0000000800000000)
  eden space 64512K, 0% used [0x00000007d6a00000,0x00000007d6a00000,0x00000007da900000)
  from space 5120K, 89% used [0x00000007dae00000,0x00000007db27f4f8,0x00000007db300000)
  to   space 5120K, 0% used [0x00000007da900000,0x00000007da900000,0x00000007dae00000)
 ParOldGen       total 84480K, used 47569K [0x0000000783e00000, 0x0000000789080000, 0x00000007d6a00000)
  object space 84480K, 56% used [0x0000000783e00000,0x0000000786c74570,0x0000000789080000)
 PSPermGen       total 21504K, used 16024K [0x0000000779800000, 0x000000077ad00000, 0x0000000783e00000)
  object space 21504K, 74% used [0x0000000779800000,0x000000077a7a63c0,0x000000077ad00000)
}

