# JRE version: OpenJDK Runtime Environment (7.0_75-b13) (build 1.7.0_75-b13)
# Java VM: OpenJDK 64-Bit Server VM (24.75-b04 mixed mode linux-amd64 compressed oops)
Heap
 PSYoungGen      total 37376K, used 35233K [0x00000007d6a00000, 0x00000007d9380000, 0x0000000800000000)
  eden space 32256K, 94% used [0x00000007d6a00000,0x00000007d87d45a0,0x00000007d8980000)
  from space 5120K, 91% used [0x00000007d8e80000,0x00000007d9313f98,0x00000007d9380000)
  to   space 5120K, 0% used [0x00000007d8980000,0x00000007d8980000,0x00000007d8e80000)
 ParOldGen       total 84480K, used 16114K [0x0000000783e00000, 0x0000000789080000, 0x00000007d6a00000)
  object space 84480K, 19% used [0x0000000783e00000,0x0000000784dbc8a0,0x0000000789080000)
 PSPermGen       total 21504K, used 15851K [0x0000000779800000, 0x000000077ad00000, 0x0000000783e00000)
  object space 21504K, 73% used [0x0000000779800000,0x000000077a77ace0,0x000000077ad00000)
GC Heap History (4 events):
Event: 13.118 GC heap before
{Heap before GC invocations=1 (full 0):
 PSYoungGen      total 37376K, used 32256K [0x00000007d6a00000, 0x00000007d9380000, 0x0000000800000000)
  eden space 32256K, 100% used [0x00000007d6a00000,0x00000007d8980000,0x00000007d8980000)
  from space 5120K, 0% used [0x00000007d8e80000,0x00000007d8e80000,0x00000007d9380000)
  to   space 5120K, 0% used [0x00000007d8980000,0x00000007d8980000,0x00000007d8e80000)
 ParOldGen       total 84480K, used 0K [0x0000000783e00000, 0x0000000789080000, 0x00000007d6a00000)
  object space 84480K, 0% used [0x0000000783e00000,0x0000000783e00000,0x0000000789080000)
 PSPermGen       total 21504K, used 14945K [0x0000000779800000, 0x000000077ad00000, 0x0000000783e00000)
  object space 21504K, 69% used [0x0000000779800000,0x000000077a698658,0x000000077ad00000)
Event: 13.124 GC heap after
Heap after GC invocations=1 (full 0):
 PSYoungGen      total 37376K, used 5102K [0x00000007d6a00000, 0x00000007d9380000, 0x0000000800000000)
  eden space 32256K, 0% used [0x00000007d6a00000,0x00000007d6a00000,0x00000007d8980000)
  from space 5120K, 99% used [0x00000007d8980000,0x00000007d8e7bba0,0x00000007d8e80000)
  to   space 5120K, 0% used [0x00000007d8e80000,0x00000007d8e80000,0x00000007d9380000)
 ParOldGen       total 84480K, used 257K [0x0000000783e00000, 0x0000000789080000, 0x00000007d6a00000)
  object space 84480K, 0% used [0x0000000783e00000,0x0000000783e406d0,0x0000000789080000)
 PSPermGen       total 21504K, used 14945K [0x0000000779800000, 0x000000077ad00000, 0x0000000783e00000)
  object space 21504K, 69% used [0x0000000779800000,0x000000077a698658,0x000000077ad00000)
}
Event: 19.431 GC heap before
{Heap before GC invocations=2 (full 0):
 PSYoungGen      total 37376K, used 24814K [0x00000007d6a00000, 0x00000007d9380000, 0x0000000800000000)
  eden space 32256K, 61% used [0x00000007d6a00000,0x00000007d7d3fd10,0x00000007d8980000)
  from space 5120K, 99% used [0x00000007d8980000,0x00000007d8e7bba0,0x00000007d8e80000)
  to   space 5120K, 0% used [0x00000007d8e80000,0x00000007d8e80000,0x00000007d9380000)
 ParOldGen       total 84480K, used 257K [0x0000000783e00000, 0x0000000789080000, 0x00000007d6a00000)
  object space 84480K, 0% used [0x0000000783e00000,0x0000000783e406d0,0x0000000789080000)
 PSPermGen       total 21504K, used 15684K [0x0000000779800000, 0x000000077ad00000, 0x0000000783e00000)
  object space 21504K, 72% used [0x0000000779800000,0x000000077a751040,0x000000077ad00000)
Event: 19.439 GC heap after
Heap after GC invocations=2 (full 0):
 PSYoungGen      total 37376K, used 4687K [0x00000007d6a00000, 0x00000007d9380000, 0x0000000800000000)
  eden space 32256K, 0% used [0x00000007d6a00000,0x00000007d6a00000,0x00000007d8980000)
  from space 5120K, 91% used [0x00000007d8e80000,0x00000007d9313f98,0x00000007d9380000)
  to   space 5120K, 0% used [0x00000007d8980000,0x00000007d8980000,0x00000007d8e80000)
 ParOldGen       total 84480K, used 16114K [0x0000000783e00000, 0x0000000789080000, 0x00000007d6a00000)
  object space 84480K, 19% used [0x0000000783e00000,0x0000000784dbc8a0,0x0000000789080000)
 PSPermGen       total 21504K, used 15684K [0x0000000779800000, 0x000000077ad00000, 0x0000000783e00000)
  object space 21504K, 72% used [0x0000000779800000,0x000000077a751040,0x000000077ad00000)
}

